Build started 9/23/2015 1:21:37 PM.
     1>Project "C:\Users\Kevin\Documents\Visual Studio 2013\Projects\Data Structures Assignment 1\Data Structures Assignment 1.vcxproj" on node 2 (Build target(s)).
     1>ClCompile:
         C:\Program Files (x86)\Microsoft Visual Studio 12.0\VC\bin\CL.exe /c /ZI /nologo /W3 /WX- /sdl /Od /Oy- /D _MBCS /Gm /EHsc /RTC1 /MDd /GS /fp:precise /Zc:wchar_t /Zc:forScope /Fo"Debug\\" /Fd"Debug\vc120.pdb" /Gd /TP /analyze- /errorReport:prompt doctor.cpp doctorOperations.cpp functions.cpp generalOperations.cpp main.cpp patient.cpp patientOperations.cpp
         doctor.cpp
         Generating Code...
         Compiling...
         patientOperations.cpp
         patient.cpp
         main.cpp
         doctorOperations.cpp
         Generating Code...
         Compiling...
         generalOperations.cpp
         functions.cpp
         Generating Code...
       Link:
         C:\Program Files (x86)\Microsoft Visual Studio 12.0\VC\bin\link.exe /ERRORREPORT:PROMPT /OUT:"C:\Users\Kevin\Documents\Visual Studio 2013\Projects\Data Structures Assignment 1\Debug\Data Structures Assignment 1.exe" /INCREMENTAL /NOLOGO kernel32.lib user32.lib gdi32.lib winspool.lib comdlg32.lib advapi32.lib shell32.lib ole32.lib oleaut32.lib uuid.lib odbc32.lib odbccp32.lib /MANIFEST /MANIFESTUAC:"level='asInvoker' uiAccess='false'" /manifest:embed /DEBUG /PDB:"C:\Users\Kevin\Documents\Visual Studio 2013\Projects\Data Structures Assignment 1\Debug\Data Structures Assignment 1.pdb" /TLBID:1 /DYNAMICBASE /NXCOMPAT /IMPLIB:"C:\Users\Kevin\Documents\Visual Studio 2013\Projects\Data Structures Assignment 1\Debug\Data Structures Assignment 1.lib" /MACHINE:X86 Debug\doctor.obj
         Debug\doctorOperations.obj
         Debug\functions.obj
         Debug\generalOperations.obj
         Debug\main.obj
         Debug\patient.obj
         Debug\patientOperations.obj
         Data Structures Assignment 1.vcxproj -> C:\Users\Kevin\Documents\Visual Studio 2013\Projects\Data Structures Assignment 1\Debug\Data Structures Assignment 1.exe
     1>Done Building Project "C:\Users\Kevin\Documents\Visual Studio 2013\Projects\Data Structures Assignment 1\Data Structures Assignment 1.vcxproj" (Build target(s)).

Build succeeded.

Time Elapsed 00:00:02.97
